      t  p_emp  p_exa
  0.000  1.000  1.000
  0.001  0.997  0.997
  0.002  0.995  0.994
  0.003  0.992  0.991
  0.004  0.988  0.988
  0.005  0.986  0.985
  0.006  0.982  0.982
  0.007  0.982  0.979
  0.008  0.976  0.976
  0.009  0.970  0.974
  0.010  0.972  0.971
  0.011  0.967  0.968
  0.012  0.963  0.965
  0.013  0.961  0.962
  0.014  0.960  0.959
  0.015  0.956  0.956
  0.016  0.949  0.954
  0.017  0.952  0.951
  0.018  0.949  0.948
  0.019  0.949  0.945
  0.020  0.943  0.943
  0.021  0.938  0.940
  0.022  0.939  0.937
  0.023  0.936  0.934
  0.024  0.934  0.932
  0.025  0.933  0.929
  0.026  0.924  0.926
  0.027  0.917  0.924
  0.028  0.916  0.921
  0.029  0.913  0.918
  0.030  0.914  0.916
  0.031  0.915  0.913
  0.032  0.907  0.910
  0.033  0.909  0.908
  0.034  0.905  0.905
  0.035  0.902  0.903
  0.036  0.903  0.900
  0.037  0.899  0.897
  0.038  0.893  0.895
  0.039  0.891  0.892
  0.040  0.889  0.890
  0.041  0.885  0.887
  0.042  0.890  0.885
  0.043  0.885  0.882
  0.044  0.881  0.880
  0.045  0.880  0.877
  0.046  0.876  0.875
  0.047  0.869  0.872
  0.048  0.871  0.870
  0.049  0.875  0.868
  0.050  0.867  0.865
  0.051  0.864  0.863
  0.052  0.857  0.860
  0.053  0.856  0.858
  0.054  0.853  0.856
  0.055  0.856  0.853
  0.056  0.852  0.851
  0.057  0.847  0.849
  0.058  0.845  0.846
  0.059  0.845  0.844
  0.060  0.838  0.842
  0.061  0.840  0.839
  0.062  0.829  0.837
  0.063  0.841  0.835
  0.064  0.829  0.832
  0.065  0.826  0.830
  0.066  0.828  0.828
  0.067  0.831  0.826
  0.068  0.826  0.823
  0.069  0.822  0.821
  0.070  0.818  0.819
  0.071  0.816  0.817
  0.072  0.818  0.815
  0.073  0.812  0.812
  0.074  0.805  0.810
  0.075  0.815  0.808
  0.076  0.806  0.806
  0.077  0.801  0.804
  0.078  0.804  0.802
  0.079  0.795  0.799
  0.080  0.796  0.797
  0.081  0.796  0.795
  0.082  0.797  0.793
  0.083  0.799  0.791
  0.084  0.784  0.789
  0.085  0.790  0.787
  0.086  0.792  0.785
  0.087  0.789  0.783
  0.088  0.789  0.781
  0.089  0.779  0.779
  0.090  0.773  0.777
  0.091  0.771  0.775
  0.092  0.770  0.773
  0.093  0.769  0.771
  0.094  0.776  0.769
  0.095  0.769  0.767
  0.096  0.773  0.765
  0.097  0.768  0.763
  0.098  0.757  0.761
  0.099  0.754  0.759
  0.100  0.755  0.757
  0.101  0.752  0.755
  0.102  0.752  0.753
  0.103  0.748  0.751
  0.104  0.753  0.749
  0.105  0.750  0.747
  0.106  0.750  0.745
  0.107  0.741  0.743
  0.108  0.737  0.742
  0.109  0.742  0.740
  0.110  0.741  0.738
  0.111  0.742  0.736
  0.112  0.735  0.734
  0.113  0.734  0.732
  0.114  0.736  0.731
  0.115  0.729  0.729
  0.116  0.725  0.727
  0.117  0.728  0.725
  0.118  0.720  0.723
  0.119  0.727  0.722
  0.120  0.723  0.720
  0.121  0.717  0.718
  0.122  0.719  0.716
  0.123  0.712  0.714
  0.124  0.717  0.713
  0.125  0.716  0.711
  0.126  0.710  0.709
  0.127  0.707  0.708
  0.128  0.712  0.706
  0.129  0.706  0.704
  0.130  0.707  0.702
  0.131  0.710  0.701
  0.132  0.696  0.699
  0.133  0.693  0.697
  0.134  0.697  0.696
  0.135  0.698  0.694
  0.136  0.682  0.692
  0.137  0.698  0.691
  0.138  0.690  0.689
  0.139  0.684  0.687
  0.140  0.687  0.686
  0.141  0.683  0.684
  0.142  0.674  0.683
  0.143  0.690  0.681
  0.144  0.679  0.679
  0.145  0.685  0.678
  0.146  0.681  0.676
  0.147  0.681  0.675
  0.148  0.682  0.673
  0.149  0.670  0.671
  0.150  0.667  0.670
  0.151  0.660  0.668
  0.152  0.661  0.667
  0.153  0.657  0.665
  0.154  0.666  0.664
  0.155  0.659  0.662
  0.156  0.661  0.661
  0.157  0.656  0.659
  0.158  0.664  0.658
  0.159  0.657  0.656
  0.160  0.657  0.655
  0.161  0.652  0.653
  0.162  0.657  0.652
  0.163  0.655  0.650
  0.164  0.651  0.649
  0.165  0.653  0.647
  0.166  0.649  0.646
  0.167  0.655  0.644
  0.168  0.647  0.643
  0.169  0.651  0.642
  0.170  0.639  0.640
  0.171  0.642  0.639
  0.172  0.637  0.637
  0.173  0.639  0.636
  0.174  0.641  0.635
  0.175  0.633  0.633
  0.176  0.634  0.632
  0.177  0.632  0.630
  0.178  0.636  0.629
  0.179  0.628  0.628
  0.180  0.631  0.626
  0.181  0.624  0.625
  0.182  0.632  0.624
  0.183  0.629  0.622
  0.184  0.616  0.621
  0.185  0.621  0.620
  0.186  0.613  0.618
  0.187  0.616  0.617
  0.188  0.616  0.616
  0.189  0.612  0.614
  0.190  0.612  0.613
  0.191  0.618  0.612
  0.192  0.607  0.610
  0.193  0.615  0.609
  0.194  0.614  0.608
  0.195  0.614  0.607
  0.196  0.604  0.605
  0.197  0.598  0.604
  0.198  0.603  0.603
  0.199  0.603  0.602
  0.200  0.601  0.600
  0.201  0.602  0.599
  0.202  0.597  0.598
  0.203  0.596  0.597
  0.204  0.597  0.595
  0.205  0.593  0.594
  0.206  0.594  0.593
  0.207  0.604  0.592
  0.208  0.594  0.591
  0.209  0.588  0.589
  0.210  0.590  0.588
  0.211  0.588  0.587
  0.212  0.597  0.586
  0.213  0.591  0.585
  0.214  0.588  0.583
  0.215  0.586  0.582
  0.216  0.588  0.581
  0.217  0.587  0.580
  0.218  0.583  0.579
  0.219  0.574  0.578
  0.220  0.571  0.577
  0.221  0.575  0.575
  0.222  0.576  0.574
  0.223  0.574  0.573
  0.224  0.571  0.572
  0.225  0.572  0.571
  0.226  0.564  0.570
  0.227  0.560  0.569
  0.228  0.572  0.568
  0.229  0.567  0.567
  0.230  0.561  0.565
  0.231  0.562  0.564
  0.232  0.564  0.563
  0.233  0.562  0.562
  0.234  0.547  0.561
  0.235  0.564  0.560
  0.236  0.561  0.559
  0.237  0.554  0.558
  0.238  0.552  0.557
  0.239  0.556  0.556
  0.240  0.543  0.555
  0.241  0.550  0.554
  0.242  0.560  0.553
  0.243  0.552  0.552
  0.244  0.546  0.551
  0.245  0.550  0.550
  0.246  0.552  0.549
  0.247  0.541  0.548
  0.248  0.544  0.547
  0.249  0.542  0.546
  0.250  0.545  0.545
  0.251  0.545  0.544
  0.252  0.538  0.543
  0.253  0.546  0.542
  0.254  0.545  0.541
  0.255  0.543  0.540
  0.256  0.540  0.539
  0.257  0.531  0.538
  0.258  0.539  0.537
  0.259  0.535  0.536
  0.260  0.528  0.535
  0.261  0.534  0.534
  0.262  0.534  0.533
  0.263  0.541  0.532
  0.264  0.531  0.531
  0.265  0.535  0.530
  0.266  0.528  0.529
  0.267  0.539  0.528
  0.268  0.531  0.528
  0.269  0.524  0.527
  0.270  0.528  0.526
  0.271  0.529  0.525
  0.272  0.531  0.524
  0.273  0.515  0.523
  0.274  0.524  0.522
  0.275  0.525  0.521
  0.276  0.512  0.520
  0.277  0.523  0.520
  0.278  0.534  0.519
  0.279  0.518  0.518
  0.280  0.521  0.517
  0.281  0.513  0.516
  0.282  0.518  0.515
  0.283  0.515  0.514
  0.284  0.509  0.513
  0.285  0.514  0.513
  0.286  0.512  0.512
  0.287  0.509  0.511
  0.288  0.501  0.510
  0.289  0.505  0.509
  0.290  0.516  0.508
  0.291  0.500  0.508
  0.292  0.503  0.507
  0.293  0.506  0.506
  0.294  0.515  0.505
  0.295  0.505  0.504
  0.296  0.508  0.504
  0.297  0.504  0.503
  0.298  0.491  0.502
  0.299  0.493  0.501
  0.300  0.504  0.500
  0.301  0.499  0.500
  0.302  0.495  0.499
  0.303  0.494  0.498
  0.304  0.497  0.497
  0.305  0.497  0.496
  0.306  0.499  0.496
  0.307  0.498  0.495
  0.308  0.497  0.494
  0.309  0.494  0.493
  0.310  0.488  0.493
  0.311  0.495  0.492
  0.312  0.500  0.491
  0.313  0.493  0.490
  0.314  0.506  0.490
  0.315  0.493  0.489
  0.316  0.489  0.488
  0.317  0.479  0.487
  0.318  0.486  0.487
  0.319  0.478  0.486
  0.320  0.483  0.485
  0.321  0.482  0.485
  0.322  0.481  0.484
  0.323  0.488  0.483
  0.324  0.485  0.482
  0.325  0.476  0.482
  0.326  0.480  0.481
  0.327  0.478  0.480
  0.328  0.482  0.480
  0.329  0.478  0.479
  0.330  0.474  0.478
  0.331  0.487  0.478
  0.332  0.468  0.477
  0.333  0.473  0.476
  0.334  0.474  0.475
  0.335  0.483  0.475
  0.336  0.478  0.474
  0.337  0.474  0.473
  0.338  0.472  0.473
  0.339  0.469  0.472
  0.340  0.467  0.471
  0.341  0.468  0.471
  0.342  0.477  0.470
  0.343  0.465  0.470
  0.344  0.472  0.469
  0.345  0.469  0.468
  0.346  0.468  0.468
  0.347  0.467  0.467
  0.348  0.466  0.466
  0.349  0.462  0.466
  0.350  0.470  0.465
  0.351  0.471  0.464
  0.352  0.457  0.464
  0.353  0.460  0.463
  0.354  0.463  0.463
  0.355  0.460  0.462
  0.356  0.454  0.461
  0.357  0.460  0.461
  0.358  0.459  0.460
  0.359  0.462  0.460
  0.360  0.447  0.459
  0.361  0.455  0.458
  0.362  0.460  0.458
  0.363  0.456  0.457
  0.364  0.455  0.457
  0.365  0.455  0.456
  0.366  0.456  0.455
  0.367  0.453  0.455
  0.368  0.454  0.454
  0.369  0.453  0.454
  0.370  0.464  0.453
  0.371  0.453  0.452
  0.372  0.458  0.452
  0.373  0.451  0.451
  0.374  0.455  0.451
  0.375  0.454  0.450
  0.376  0.456  0.450
  0.377  0.448  0.449
  0.378  0.449  0.449
  0.379  0.445  0.448
  0.380  0.447  0.447
  0.381  0.453  0.447
  0.382  0.446  0.446
  0.383  0.438  0.446
  0.384  0.444  0.445
  0.385  0.448  0.445
  0.386  0.446  0.444
  0.387  0.450  0.444
  0.388  0.441  0.443
  0.389  0.441  0.443
  0.390  0.438  0.442
  0.391  0.435  0.442
  0.392  0.444  0.441
  0.393  0.454  0.441
  0.394  0.434  0.440
  0.395  0.441  0.440
  0.396  0.430  0.439
  0.397  0.439  0.438
  0.398  0.443  0.438
  0.399  0.434  0.437
  0.400  0.444  0.437
  0.401  0.427  0.436
  0.402  0.443  0.436
  0.403  0.441  0.436
  0.404  0.441  0.435
  0.405  0.438  0.435
  0.406  0.443  0.434
  0.407  0.434  0.434
  0.408  0.437  0.433
  0.409  0.429  0.433
  0.410  0.430  0.432
  0.411  0.439  0.432
  0.412  0.439  0.431
  0.413  0.436  0.431
  0.414  0.435  0.430
  0.415  0.430  0.430
  0.416  0.426  0.429
  0.417  0.425  0.429
  0.418  0.429  0.428
  0.419  0.430  0.428
  0.420  0.429  0.427
  0.421  0.423  0.427
  0.422  0.431  0.427
  0.423  0.435  0.426
  0.424  0.423  0.426
  0.425  0.423  0.425
  0.426  0.426  0.425
  0.427  0.424  0.424
  0.428  0.427  0.424
  0.429  0.419  0.423
  0.430  0.420  0.423
  0.431  0.431  0.423
  0.432  0.429  0.422
  0.433  0.422  0.422
  0.434  0.410  0.421
  0.435  0.424  0.421
  0.436  0.421  0.420
  0.437  0.422  0.420
  0.438  0.424  0.420
  0.439  0.425  0.419
  0.440  0.416  0.419
  0.441  0.424  0.418
  0.442  0.421  0.418
  0.443  0.420  0.418
  0.444  0.413  0.417
  0.445  0.416  0.417
  0.446  0.411  0.416
  0.447  0.416  0.416
  0.448  0.418  0.416
  0.449  0.409  0.415
  0.450  0.413  0.415
  0.451  0.418  0.414
  0.452  0.414  0.414
  0.453  0.417  0.414
  0.454  0.410  0.413
  0.455  0.413  0.413
  0.456  0.412  0.412
  0.457  0.408  0.412
  0.458  0.405  0.412
  0.459  0.411  0.411
  0.460  0.404  0.411
  0.461  0.419  0.410
  0.462  0.411  0.410
  0.463  0.415  0.410
  0.464  0.411  0.409
  0.465  0.399  0.409
  0.466  0.407  0.409
  0.467  0.409  0.408
  0.468  0.411  0.408
  0.469  0.406  0.408
  0.470  0.412  0.407
  0.471  0.410  0.407
  0.472  0.404  0.406
  0.473  0.414  0.406
  0.474  0.406  0.406
  0.475  0.406  0.405
  0.476  0.409  0.405
  0.477  0.407  0.405
  0.478  0.400  0.404
  0.479  0.402  0.404
  0.480  0.407  0.404
  0.481  0.413  0.403
  0.482  0.402  0.403
  0.483  0.401  0.403
  0.484  0.398  0.402
  0.485  0.398  0.402
  0.486  0.397  0.402
  0.487  0.397  0.401
  0.488  0.396  0.401
  0.489  0.400  0.401
  0.490  0.403  0.400
  0.491  0.388  0.400
  0.492  0.404  0.400
  0.493  0.396  0.399
  0.494  0.405  0.399
  0.495  0.395  0.399
  0.496  0.399  0.398
  0.497  0.404  0.398
  0.498  0.407  0.398
  0.499  0.395  0.397
  0.500  0.391  0.397
  0.501  0.390  0.397
  0.502  0.400  0.396
  0.503  0.397  0.396
  0.504  0.403  0.396
  0.505  0.395  0.396
  0.506  0.397  0.395
  0.507  0.390  0.395
  0.508  0.393  0.395
  0.509  0.400  0.394
  0.510  0.399  0.394
  0.511  0.391  0.394
  0.512  0.387  0.393
  0.513  0.399  0.393
  0.514  0.385  0.393
  0.515  0.394  0.393
  0.516  0.390  0.392
  0.517  0.383  0.392
  0.518  0.395  0.392
  0.519  0.388  0.391
  0.520  0.395  0.391
  0.521  0.386  0.391
  0.522  0.396  0.391
  0.523  0.381  0.390
  0.524  0.390  0.390
  0.525  0.393  0.390
  0.526  0.394  0.389
  0.527  0.383  0.389
  0.528  0.390  0.389
  0.529  0.401  0.389
  0.530  0.387  0.388
  0.531  0.387  0.388
  0.532  0.390  0.388
  0.533  0.390  0.388
  0.534  0.386  0.387
  0.535  0.384  0.387
  0.536  0.380  0.387
  0.537  0.387  0.387
  0.538  0.380  0.386
  0.539  0.380  0.386
  0.540  0.379  0.386
  0.541  0.389  0.385
  0.542  0.388  0.385
  0.543  0.387  0.385
  0.544  0.387  0.385
  0.545  0.382  0.384
  0.546  0.386  0.384
  0.547  0.389  0.384
  0.548  0.385  0.384
  0.549  0.378  0.383
  0.550  0.375  0.383
  0.551  0.379  0.383
  0.552  0.384  0.383
  0.553  0.384  0.382
  0.554  0.391  0.382
  0.555  0.392  0.382
  0.556  0.390  0.382
  0.557  0.387  0.381
  0.558  0.378  0.381
  0.559  0.384  0.381
  0.560  0.380  0.381
  0.561  0.379  0.381
  0.562  0.386  0.380
  0.563  0.384  0.380
  0.564  0.374  0.380
  0.565  0.376  0.380
  0.566  0.378  0.379
  0.567  0.384  0.379
  0.568  0.380  0.379
  0.569  0.378  0.379
  0.570  0.376  0.378
  0.571  0.375  0.378
  0.572  0.377  0.378
  0.573  0.377  0.378
  0.574  0.390  0.378
  0.575  0.374  0.377
  0.576  0.373  0.377
  0.577  0.371  0.377
  0.578  0.372  0.377
  0.579  0.370  0.377
  0.580  0.383  0.376
  0.581  0.375  0.376
  0.582  0.375  0.376
  0.583  0.376  0.376
  0.584  0.370  0.375
  0.585  0.376  0.375
  0.586  0.375  0.375
  0.587  0.373  0.375
  0.588  0.373  0.375
  0.589  0.372  0.374
  0.590  0.374  0.374
  0.591  0.371  0.374
  0.592  0.378  0.374
  0.593  0.375  0.374
  0.594  0.379  0.373
  0.595  0.370  0.373
  0.596  0.372  0.373
  0.597  0.367  0.373
  0.598  0.373  0.373
  0.599  0.369  0.372
  0.600  0.366  0.372
  0.601  0.373  0.372
  0.602  0.368  0.372
  0.603  0.371  0.372
  0.604  0.372  0.371
  0.605  0.383  0.371
  0.606  0.379  0.371
  0.607  0.369  0.371
  0.608  0.369  0.371
  0.609  0.361  0.371
  0.610  0.372  0.370
  0.611  0.367  0.370
  0.612  0.370  0.370
  0.613  0.374  0.370
  0.614  0.369  0.370
  0.615  0.371  0.369
  0.616  0.367  0.369
  0.617  0.373  0.369
  0.618  0.365  0.369
  0.619  0.367  0.369
  0.620  0.367  0.369
  0.621  0.368  0.368
  0.622  0.371  0.368
  0.623  0.371  0.368
  0.624  0.371  0.368
  0.625  0.374  0.368
  0.626  0.366  0.367
  0.627  0.374  0.367
  0.628  0.362  0.367
  0.629  0.368  0.367
  0.630  0.351  0.367
  0.631  0.363  0.367
  0.632  0.368  0.366
  0.633  0.366  0.366
  0.634  0.366  0.366
  0.635  0.372  0.366
  0.636  0.362  0.366
  0.637  0.376  0.366
  0.638  0.361  0.365
  0.639  0.362  0.365
  0.640  0.368  0.365
  0.641  0.362  0.365
  0.642  0.367  0.365
  0.643  0.350  0.365
  0.644  0.376  0.365
  0.645  0.361  0.364
  0.646  0.373  0.364
  0.647  0.370  0.364
  0.648  0.365  0.364
  0.649  0.367  0.364
  0.650  0.358  0.364
  0.651  0.363  0.363
  0.652  0.367  0.363
  0.653  0.363  0.363
  0.654  0.368  0.363
  0.655  0.358  0.363
  0.656  0.362  0.363
  0.657  0.364  0.363
  0.658  0.362  0.362
  0.659  0.366  0.362
  0.660  0.356  0.362
  0.661  0.360  0.362
  0.662  0.362  0.362
  0.663  0.371  0.362
  0.664  0.355  0.362
  0.665  0.367  0.361
  0.666  0.367  0.361
  0.667  0.360  0.361
  0.668  0.365  0.361
  0.669  0.358  0.361
  0.670  0.355  0.361
  0.671  0.358  0.361
  0.672  0.362  0.360
  0.673  0.363  0.360
  0.674  0.349  0.360
  0.675  0.365  0.360
  0.676  0.356  0.360
  0.677  0.358  0.360
  0.678  0.359  0.360
  0.679  0.368  0.359
  0.680  0.350  0.359
  0.681  0.356  0.359
  0.682  0.357  0.359
  0.683  0.353  0.359
  0.684  0.361  0.359
  0.685  0.358  0.359
  0.686  0.362  0.359
  0.687  0.358  0.358
  0.688  0.364  0.358
  0.689  0.355  0.358
  0.690  0.350  0.358
  0.691  0.355  0.358
  0.692  0.352  0.358
  0.693  0.358  0.358
  0.694  0.358  0.358
  0.695  0.355  0.357
  0.696  0.356  0.357
  0.697  0.352  0.357
  0.698  0.355  0.357
  0.699  0.353  0.357
  0.700  0.361  0.357
  0.701  0.360  0.357
  0.702  0.356  0.357
  0.703  0.359  0.356
  0.704  0.363  0.356
  0.705  0.349  0.356
  0.706  0.359  0.356
  0.707  0.358  0.356
  0.708  0.360  0.356
  0.709  0.352  0.356
  0.710  0.361  0.356
  0.711  0.360  0.356
  0.712  0.360  0.355
  0.713  0.360  0.355
  0.714  0.346  0.355
  0.715  0.355  0.355
  0.716  0.362  0.355
  0.717  0.357  0.355
  0.718  0.359  0.355
  0.719  0.347  0.355
  0.720  0.353  0.355
  0.721  0.358  0.354
  0.722  0.367  0.354
  0.723  0.348  0.354
  0.724  0.349  0.354
  0.725  0.350  0.354
  0.726  0.349  0.354
  0.727  0.355  0.354
  0.728  0.351  0.354
  0.729  0.366  0.354
  0.730  0.356  0.353
  0.731  0.353  0.353
  0.732  0.350  0.353
  0.733  0.355  0.353
  0.734  0.353  0.353
  0.735  0.355  0.353
  0.736  0.358  0.353
  0.737  0.353  0.353
  0.738  0.361  0.353
  0.739  0.354  0.353
  0.740  0.357  0.352
  0.741  0.348  0.352
  0.742  0.363  0.352
  0.743  0.353  0.352
  0.744  0.361  0.352
  0.745  0.352  0.352
  0.746  0.363  0.352
  0.747  0.355  0.352
  0.748  0.355  0.352
  0.749  0.350  0.352
  0.750  0.351  0.352
  0.751  0.342  0.351
  0.752  0.342  0.351
  0.753  0.351  0.351
  0.754  0.346  0.351
  0.755  0.348  0.351
  0.756  0.346  0.351
  0.757  0.353  0.351
  0.758  0.346  0.351
  0.759  0.338  0.351
  0.760  0.351  0.351
  0.761  0.351  0.350
  0.762  0.350  0.350
  0.763  0.346  0.350
  0.764  0.354  0.350
  0.765  0.352  0.350
  0.766  0.337  0.350
  0.767  0.349  0.350
  0.768  0.342  0.350
  0.769  0.344  0.350
  0.770  0.346  0.350
  0.771  0.349  0.350
  0.772  0.342  0.350
  0.773  0.349  0.349
  0.774  0.353  0.349
  0.775  0.348  0.349
  0.776  0.348  0.349
  0.777  0.352  0.349
  0.778  0.348  0.349
  0.779  0.353  0.349
  0.780  0.349  0.349
  0.781  0.345  0.349
  0.782  0.348  0.349
  0.783  0.347  0.349
  0.784  0.348  0.349
  0.785  0.344  0.348
  0.786  0.354  0.348
  0.787  0.354  0.348
  0.788  0.350  0.348
  0.789  0.350  0.348
  0.790  0.356  0.348
  0.791  0.349  0.348
  0.792  0.351  0.348
  0.793  0.350  0.348
  0.794  0.348  0.348
  0.795  0.353  0.348
  0.796  0.351  0.348
  0.797  0.342  0.348
  0.798  0.342  0.347
  0.799  0.355  0.347
  0.800  0.343  0.347
  0.801  0.348  0.347
  0.802  0.354  0.347
  0.803  0.340  0.347
  0.804  0.349  0.347
  0.805  0.342  0.347
  0.806  0.344  0.347
  0.807  0.352  0.347
  0.808  0.341  0.347
  0.809  0.343  0.347
  0.810  0.351  0.347
  0.811  0.346  0.347
  0.812  0.345  0.346
  0.813  0.346  0.346
  0.814  0.359  0.346
  0.815  0.350  0.346
  0.816  0.346  0.346
  0.817  0.341  0.346
  0.818  0.347  0.346
  0.819  0.341  0.346
  0.820  0.347  0.346
  0.821  0.343  0.346
  0.822  0.342  0.346
  0.823  0.335  0.346
  0.824  0.340  0.346
  0.825  0.345  0.346
  0.826  0.340  0.346
  0.827  0.339  0.346
  0.828  0.343  0.345
  0.829  0.344  0.345
  0.830  0.342  0.345
  0.831  0.338  0.345
  0.832  0.337  0.345
  0.833  0.345  0.345
  0.834  0.340  0.345
  0.835  0.342  0.345
  0.836  0.344  0.345
  0.837  0.348  0.345
  0.838  0.348  0.345
  0.839  0.335  0.345
  0.840  0.340  0.345
  0.841  0.343  0.345
  0.842  0.345  0.345
  0.843  0.347  0.345
  0.844  0.338  0.344
  0.845  0.335  0.344
  0.846  0.339  0.344
  0.847  0.347  0.344
  0.848  0.352  0.344
  0.849  0.345  0.344
  0.850  0.345  0.344
  0.851  0.343  0.344
  0.852  0.340  0.344
  0.853  0.347  0.344
  0.854  0.339  0.344
  0.855  0.347  0.344
  0.856  0.335  0.344
  0.857  0.346  0.344
  0.858  0.339  0.344
  0.859  0.337  0.344
  0.860  0.347  0.344
  0.861  0.348  0.344
  0.862  0.339  0.343
  0.863  0.338  0.343
  0.864  0.350  0.343
  0.865  0.339  0.343
  0.866  0.343  0.343
  0.867  0.338  0.343
  0.868  0.338  0.343
  0.869  0.345  0.343
  0.870  0.341  0.343
  0.871  0.344  0.343
  0.872  0.346  0.343
  0.873  0.352  0.343
  0.874  0.342  0.343
  0.875  0.343  0.343
  0.876  0.348  0.343
  0.877  0.344  0.343
  0.878  0.341  0.343
  0.879  0.342  0.343
  0.880  0.333  0.343
  0.881  0.343  0.342
  0.882  0.342  0.342
  0.883  0.348  0.342
  0.884  0.341  0.342
  0.885  0.340  0.342
  0.886  0.340  0.342
  0.887  0.341  0.342
  0.888  0.344  0.342
  0.889  0.333  0.342
  0.890  0.344  0.342
  0.891  0.344  0.342
  0.892  0.336  0.342
  0.893  0.341  0.342
  0.894  0.341  0.342
  0.895  0.344  0.342
  0.896  0.349  0.342
  0.897  0.349  0.342
  0.898  0.343  0.342
  0.899  0.334  0.342
  0.900  0.338  0.342
  0.901  0.347  0.342
  0.902  0.351  0.342
  0.903  0.349  0.341
  0.904  0.340  0.341
  0.905  0.348  0.341
  0.906  0.343  0.341
  0.907  0.351  0.341
  0.908  0.339  0.341
  0.909  0.345  0.341
  0.910  0.352  0.341
  0.911  0.337  0.341
  0.912  0.351  0.341
  0.913  0.335  0.341
  0.914  0.341  0.341
  0.915  0.343  0.341
  0.916  0.343  0.341
  0.917  0.345  0.341
  0.918  0.341  0.341
  0.919  0.340  0.341
  0.920  0.340  0.341
  0.921  0.337  0.341
  0.922  0.338  0.341
  0.923  0.337  0.341
  0.924  0.342  0.341
  0.925  0.343  0.341
  0.926  0.337  0.341
  0.927  0.345  0.340
  0.928  0.345  0.340
  0.929  0.342  0.340
  0.930  0.336  0.340
  0.931  0.342  0.340
  0.932  0.343  0.340
  0.933  0.331  0.340
  0.934  0.345  0.340
  0.935  0.336  0.340
  0.936  0.337  0.340
  0.937  0.345  0.340
  0.938  0.344  0.340
  0.939  0.340  0.340
  0.940  0.336  0.340
  0.941  0.344  0.340
  0.942  0.341  0.340
  0.943  0.338  0.340
  0.944  0.343  0.340
  0.945  0.343  0.340
  0.946  0.337  0.340
  0.947  0.334  0.340
  0.948  0.349  0.340
  0.949  0.350  0.340
  0.950  0.335  0.340
  0.951  0.347  0.340
  0.952  0.341  0.340
  0.953  0.338  0.340
  0.954  0.327  0.340
  0.955  0.339  0.339
  0.956  0.334  0.339
  0.957  0.344  0.339
  0.958  0.336  0.339
  0.959  0.344  0.339
  0.960  0.336  0.339
  0.961  0.338  0.339
  0.962  0.333  0.339
  0.963  0.346  0.339
  0.964  0.330  0.339
  0.965  0.334  0.339
  0.966  0.342  0.339
  0.967  0.339  0.339
  0.968  0.344  0.339
  0.969  0.344  0.339
  0.970  0.338  0.339
  0.971  0.346  0.339
  0.972  0.346  0.339
  0.973  0.338  0.339
  0.974  0.337  0.339
  0.975  0.340  0.339
  0.976  0.341  0.339
  0.977  0.340  0.339
  0.978  0.350  0.339
  0.979  0.339  0.339
  0.980  0.336  0.339
  0.981  0.336  0.339
  0.982  0.338  0.339
  0.983  0.333  0.339
  0.984  0.338  0.339
  0.985  0.343  0.339
  0.986  0.338  0.339
  0.987  0.338  0.338
  0.988  0.337  0.338
  0.989  0.349  0.338
  0.990  0.344  0.338
  0.991  0.330  0.338
  0.992  0.341  0.338
  0.993  0.340  0.338
  0.994  0.341  0.338
  0.995  0.333  0.338
  0.996  0.346  0.338
  0.997  0.343  0.338
  0.998  0.333  0.338
  0.999  0.330  0.338
